{"/Users/derekchou/Documents/code-challenge/src/components/CommentModal.tsx": {"path":"/Users/derekchou/Documents/code-challenge/src/components/CommentModal.tsx","statementMap":{"0":{"start":{"line":11,"column":45},"end":{"line":31,"column":1}},"1":{"start":{"line":17,"column":2},"end":{"line":30,"column":4}}},"fnMap":{"0":{"name":"(anonymous_0)","decl":{"start":{"line":11,"column":45},"end":{"line":11,"column":46}},"loc":{"start":{"line":16,"column":6},"end":{"line":31,"column":1}},"line":16}},"branchMap":{},"s":{"0":1,"1":1},"f":{"0":1},"b":{},"_coverageSchema":"1a1c01bbd47fc00a2c39e90264f33305004495a9","hash":"386a4a84b4a954ba59770309750d98e4a941eaef"}
,"/Users/derekchou/Documents/code-challenge/src/components/CommentTable.tsx": {"path":"/Users/derekchou/Documents/code-challenge/src/components/CommentTable.tsx","statementMap":{"0":{"start":{"line":9,"column":45},"end":{"line":53,"column":1}},"1":{"start":{"line":11,"column":18},"end":{"line":11,"column":45}},"2":{"start":{"line":12,"column":23},"end":{"line":12,"column":43}},"3":{"start":{"line":13,"column":50},"end":{"line":15,"column":3}},"4":{"start":{"line":17,"column":2},"end":{"line":22,"column":9}},"5":{"start":{"line":18,"column":19},"end":{"line":20,"column":6}},"6":{"start":{"line":19,"column":6},"end":{"line":19,"column":47}},"7":{"start":{"line":21,"column":4},"end":{"line":21,"column":32}},"8":{"start":{"line":25,"column":23},"end":{"line":36,"column":3}},"9":{"start":{"line":26,"column":4},"end":{"line":35,"column":7}},"10":{"start":{"line":27,"column":6},"end":{"line":34,"column":8}},"11":{"start":{"line":38,"column":2},"end":{"line":52,"column":4}}},"fnMap":{"0":{"name":"(anonymous_0)","decl":{"start":{"line":9,"column":45},"end":{"line":9,"column":46}},"loc":{"start":{"line":9,"column":61},"end":{"line":53,"column":1}},"line":9},"1":{"name":"(anonymous_1)","decl":{"start":{"line":17,"column":12},"end":{"line":17,"column":13}},"loc":{"start":{"line":17,"column":18},"end":{"line":22,"column":3}},"line":17},"2":{"name":"(anonymous_2)","decl":{"start":{"line":18,"column":35},"end":{"line":18,"column":36}},"loc":{"start":{"line":18,"column":48},"end":{"line":20,"column":5}},"line":18},"3":{"name":"(anonymous_3)","decl":{"start":{"line":25,"column":23},"end":{"line":25,"column":24}},"loc":{"start":{"line":25,"column":29},"end":{"line":36,"column":3}},"line":25},"4":{"name":"(anonymous_4)","decl":{"start":{"line":26,"column":32},"end":{"line":26,"column":33}},"loc":{"start":{"line":26,"column":48},"end":{"line":35,"column":5}},"line":26}},"branchMap":{},"s":{"0":2,"1":4,"2":4,"3":4,"4":4,"5":2,"6":8,"7":2,"8":4,"9":4,"10":4,"11":4},"f":{"0":4,"1":2,"2":8,"3":4,"4":4},"b":{},"_coverageSchema":"1a1c01bbd47fc00a2c39e90264f33305004495a9","hash":"6670905c4db6611d70ba6f99539df3935a30c39c"}
,"/Users/derekchou/Documents/code-challenge/src/components/PostTable.tsx": {"path":"/Users/derekchou/Documents/code-challenge/src/components/PostTable.tsx","statementMap":{"0":{"start":{"line":13,"column":42},"end":{"line":86,"column":1}},"1":{"start":{"line":15,"column":18},"end":{"line":15,"column":45}},"2":{"start":{"line":16,"column":20},"end":{"line":16,"column":40}},"3":{"start":{"line":19,"column":28},"end":{"line":23,"column":3}},"4":{"start":{"line":20,"column":4},"end":{"line":20,"column":70}},"5":{"start":{"line":21,"column":4},"end":{"line":21,"column":36}},"6":{"start":{"line":22,"column":4},"end":{"line":22,"column":43}},"7":{"start":{"line":27,"column":27},"end":{"line":33,"column":3}},"8":{"start":{"line":28,"column":4},"end":{"line":30,"column":6}},"9":{"start":{"line":31,"column":4},"end":{"line":31,"column":36}},"10":{"start":{"line":32,"column":4},"end":{"line":32,"column":50}},"11":{"start":{"line":36,"column":23},"end":{"line":67,"column":3}},"12":{"start":{"line":37,"column":4},"end":{"line":66,"column":25}},"13":{"start":{"line":39,"column":10},"end":{"line":64,"column":12}},"14":{"start":{"line":48,"column":33},"end":{"line":48,"column":59}},"15":{"start":{"line":57,"column":33},"end":{"line":57,"column":58}},"16":{"start":{"line":69,"column":2},"end":{"line":85,"column":4}}},"fnMap":{"0":{"name":"(anonymous_0)","decl":{"start":{"line":13,"column":42},"end":{"line":13,"column":43}},"loc":{"start":{"line":13,"column":64},"end":{"line":86,"column":1}},"line":13},"1":{"name":"(anonymous_1)","decl":{"start":{"line":19,"column":28},"end":{"line":19,"column":29}},"loc":{"start":{"line":19,"column":48},"end":{"line":23,"column":3}},"line":19},"2":{"name":"(anonymous_2)","decl":{"start":{"line":27,"column":27},"end":{"line":27,"column":28}},"loc":{"start":{"line":27,"column":47},"end":{"line":33,"column":3}},"line":27},"3":{"name":"(anonymous_3)","decl":{"start":{"line":36,"column":23},"end":{"line":36,"column":24}},"loc":{"start":{"line":36,"column":29},"end":{"line":67,"column":3}},"line":36},"4":{"name":"(anonymous_4)","decl":{"start":{"line":38,"column":18},"end":{"line":38,"column":19}},"loc":{"start":{"line":38,"column":31},"end":{"line":65,"column":9}},"line":38},"5":{"name":"(anonymous_5)","decl":{"start":{"line":48,"column":27},"end":{"line":48,"column":28}},"loc":{"start":{"line":48,"column":33},"end":{"line":48,"column":59}},"line":48},"6":{"name":"(anonymous_6)","decl":{"start":{"line":57,"column":27},"end":{"line":57,"column":28}},"loc":{"start":{"line":57,"column":33},"end":{"line":57,"column":58}},"line":57}},"branchMap":{"0":{"loc":{"start":{"line":20,"column":52},"end":{"line":20,"column":64}},"type":"binary-expr","locations":[{"start":{"line":20,"column":52},"end":{"line":20,"column":58}},{"start":{"line":20,"column":62},"end":{"line":20,"column":64}}],"line":20},"1":{"loc":{"start":{"line":29,"column":30},"end":{"line":29,"column":42}},"type":"binary-expr","locations":[{"start":{"line":29,"column":30},"end":{"line":29,"column":36}},{"start":{"line":29,"column":40},"end":{"line":29,"column":42}}],"line":29},"2":{"loc":{"start":{"line":37,"column":11},"end":{"line":66,"column":24}},"type":"cond-expr","locations":[{"start":{"line":38,"column":8},"end":{"line":65,"column":10}},{"start":{"line":66,"column":8},"end":{"line":66,"column":24}}],"line":37}},"s":{"0":1,"1":4,"2":4,"3":4,"4":1,"5":1,"6":1,"7":4,"8":1,"9":1,"10":1,"11":4,"12":4,"13":12,"14":1,"15":1,"16":4},"f":{"0":4,"1":1,"2":1,"3":4,"4":12,"5":1,"6":1},"b":{"0":[1,0],"1":[1,0],"2":[4,0]},"_coverageSchema":"1a1c01bbd47fc00a2c39e90264f33305004495a9","hash":"cb3e48fd275b779591d735633f88022e8bf250a7"}
,"/Users/derekchou/Documents/code-challenge/src/helpers/helpers.ts": {"path":"/Users/derekchou/Documents/code-challenge/src/helpers/helpers.ts","statementMap":{"0":{"start":{"line":3,"column":32},"end":{"line":9,"column":1}},"1":{"start":{"line":4,"column":24},"end":{"line":4,"column":25}},"2":{"start":{"line":5,"column":2},"end":{"line":7,"column":5}},"3":{"start":{"line":6,"column":4},"end":{"line":6,"column":68}},"4":{"start":{"line":8,"column":2},"end":{"line":8,"column":29}}},"fnMap":{"0":{"name":"(anonymous_0)","decl":{"start":{"line":3,"column":32},"end":{"line":3,"column":33}},"loc":{"start":{"line":3,"column":61},"end":{"line":9,"column":1}},"line":3},"1":{"name":"(anonymous_1)","decl":{"start":{"line":5,"column":19},"end":{"line":5,"column":20}},"loc":{"start":{"line":5,"column":45},"end":{"line":7,"column":3}},"line":5}},"branchMap":{},"s":{"0":2,"1":1,"2":1,"3":4,"4":1},"f":{"0":1,"1":4},"b":{},"_coverageSchema":"1a1c01bbd47fc00a2c39e90264f33305004495a9","hash":"a4b7aebd1ec0930e7f52e48d06a94a8840ef9c77"}
,"/Users/derekchou/Documents/code-challenge/src/tests/mock.ts": {"path":"/Users/derekchou/Documents/code-challenge/src/tests/mock.ts","statementMap":{"0":{"start":{"line":1,"column":28},"end":{"line":5,"column":1}},"1":{"start":{"line":7,"column":31},"end":{"line":59,"column":1}}},"fnMap":{},"branchMap":{},"s":{"0":3,"1":3},"f":{},"b":{},"_coverageSchema":"1a1c01bbd47fc00a2c39e90264f33305004495a9","hash":"64fa7bceb3159fef9356e2738a55cf6e03228a08"}
,"/Users/derekchou/Documents/code-challenge/src/tests/testHelpers.tsx": {"path":"/Users/derekchou/Documents/code-challenge/src/tests/testHelpers.tsx","statementMap":{"0":{"start":{"line":14,"column":44},"end":{"line":29,"column":1}},"1":{"start":{"line":15,"column":35},"end":{"line":22,"column":3}},"2":{"start":{"line":24,"column":2},"end":{"line":28,"column":4}}},"fnMap":{"0":{"name":"(anonymous_0)","decl":{"start":{"line":14,"column":44},"end":{"line":14,"column":45}},"loc":{"start":{"line":14,"column":55},"end":{"line":29,"column":1}},"line":14}},"branchMap":{"0":{"loc":{"start":{"line":18,"column":16},"end":{"line":18,"column":72}},"type":"cond-expr","locations":[{"start":{"line":18,"column":37},"end":{"line":18,"column":52}},{"start":{"line":18,"column":55},"end":{"line":18,"column":72}}],"line":18}},"s":{"0":2,"1":6,"2":6},"f":{"0":6},"b":{"0":[6,0]},"_coverageSchema":"1a1c01bbd47fc00a2c39e90264f33305004495a9","hash":"5cd50f223d6e79e0dda4701fc0cf444dc00a91cc"}
}
