TN:
SF:src/components/CommentModal.tsx
FN:11,(anonymous_0)
FNF:1
FNH:1
FNDA:1,(anonymous_0)
DA:11,1
DA:17,1
LF:2
LH:2
BRF:0
BRH:0
end_of_record
TN:
SF:src/components/CommentTable.tsx
FN:9,(anonymous_0)
FN:17,(anonymous_1)
FN:18,(anonymous_2)
FN:25,(anonymous_3)
FN:26,(anonymous_4)
FNF:5
FNH:5
FNDA:4,(anonymous_0)
FNDA:2,(anonymous_1)
FNDA:8,(anonymous_2)
FNDA:4,(anonymous_3)
FNDA:4,(anonymous_4)
DA:9,2
DA:11,4
DA:12,4
DA:13,4
DA:17,4
DA:18,2
DA:19,8
DA:21,2
DA:25,4
DA:26,4
DA:27,4
DA:38,4
LF:12
LH:12
BRF:0
BRH:0
end_of_record
TN:
SF:src/components/PostTable.tsx
FN:13,(anonymous_0)
FN:19,(anonymous_1)
FN:27,(anonymous_2)
FN:36,(anonymous_3)
FN:38,(anonymous_4)
FN:48,(anonymous_5)
FN:57,(anonymous_6)
FNF:7
FNH:7
FNDA:4,(anonymous_0)
FNDA:1,(anonymous_1)
FNDA:1,(anonymous_2)
FNDA:4,(anonymous_3)
FNDA:12,(anonymous_4)
FNDA:1,(anonymous_5)
FNDA:1,(anonymous_6)
DA:13,1
DA:15,4
DA:16,4
DA:19,4
DA:20,1
DA:21,1
DA:22,1
DA:27,4
DA:28,1
DA:31,1
DA:32,1
DA:36,4
DA:37,4
DA:39,12
DA:48,1
DA:57,1
DA:69,4
LF:17
LH:17
BRDA:20,0,0,1
BRDA:20,0,1,0
BRDA:29,1,0,1
BRDA:29,1,1,0
BRDA:37,2,0,4
BRDA:37,2,1,0
BRF:6
BRH:3
end_of_record
TN:
SF:src/helpers/helpers.ts
FN:3,(anonymous_0)
FN:5,(anonymous_1)
FNF:2
FNH:2
FNDA:1,(anonymous_0)
FNDA:4,(anonymous_1)
DA:3,2
DA:4,1
DA:5,1
DA:6,4
DA:8,1
LF:5
LH:5
BRF:0
BRH:0
end_of_record
TN:
SF:src/tests/mock.ts
FNF:0
FNH:0
DA:1,3
DA:7,3
LF:2
LH:2
BRF:0
BRH:0
end_of_record
TN:
SF:src/tests/testHelpers.tsx
FN:14,(anonymous_0)
FNF:1
FNH:1
FNDA:6,(anonymous_0)
DA:14,2
DA:15,6
DA:24,6
LF:3
LH:3
BRDA:18,0,0,6
BRDA:18,0,1,0
BRF:2
BRH:1
end_of_record
